[2.563s] Invoking command in '/home/ro01/workspace/ros2_ws/src/peripherals': DEBUGINFOD_URLS=https://debuginfod.ubuntu.com PYTHONPATH=/home/ro01/workspace/ros2_ws/build/peripherals/prefix_override:/usr/lib/python3/dist-packages/colcon_core/task/python/colcon_distutils_commands:/home/ro01/workspace/ros2_ws/install/peripherals/lib/python3.12/site-packages:${PYTHONPATH} /usr/bin/python3 -W ignore:setup.py install is deprecated -W ignore:easy_install command is deprecated setup.py egg_info --egg-base ../../build/peripherals build --build-base /home/ro01/workspace/ros2_ws/build/peripherals/build install --record /home/ro01/workspace/ros2_ws/build/peripherals/install.log --single-version-externally-managed install_data
[3.027s] running egg_info
[3.055s] writing ../../build/peripherals/peripherals.egg-info/PKG-INFO
[3.055s] writing dependency_links to ../../build/peripherals/peripherals.egg-info/dependency_links.txt
[3.056s] writing entry points to ../../build/peripherals/peripherals.egg-info/entry_points.txt
[3.056s] writing requirements to ../../build/peripherals/peripherals.egg-info/requires.txt
[3.056s] writing top-level names to ../../build/peripherals/peripherals.egg-info/top_level.txt
[3.117s] reading manifest file '../../build/peripherals/peripherals.egg-info/SOURCES.txt'
[3.117s] writing manifest file '../../build/peripherals/peripherals.egg-info/SOURCES.txt'
[3.117s] running build
[3.117s] running build_py
[3.118s] running install
[3.128s] running install_lib
[3.159s] running install_data
[3.160s] running install_egg_info
[3.190s] removing '/home/ro01/workspace/ros2_ws/install/peripherals/lib/python3.12/site-packages/peripherals-0.0.0-py3.12.egg-info' (and everything under it)
[3.191s] Copying ../../build/peripherals/peripherals.egg-info to /home/ro01/workspace/ros2_ws/install/peripherals/lib/python3.12/site-packages/peripherals-0.0.0-py3.12.egg-info
[3.192s] running install_scripts
[3.418s] Installing joystick_control script to /home/ro01/workspace/ros2_ws/install/peripherals/lib/peripherals
[3.419s] Installing teleop_key_control script to /home/ro01/workspace/ros2_ws/install/peripherals/lib/peripherals
[3.426s] Installing tf_broadcaster_imu script to /home/ro01/workspace/ros2_ws/install/peripherals/lib/peripherals
[3.435s] writing list of installed files to '/home/ro01/workspace/ros2_ws/build/peripherals/install.log'
[3.613s] Invoked command in '/home/ro01/workspace/ros2_ws/src/peripherals' returned '0': DEBUGINFOD_URLS=https://debuginfod.ubuntu.com PYTHONPATH=/home/ro01/workspace/ros2_ws/build/peripherals/prefix_override:/usr/lib/python3/dist-packages/colcon_core/task/python/colcon_distutils_commands:/home/ro01/workspace/ros2_ws/install/peripherals/lib/python3.12/site-packages:${PYTHONPATH} /usr/bin/python3 -W ignore:setup.py install is deprecated -W ignore:easy_install command is deprecated setup.py egg_info --egg-base ../../build/peripherals build --build-base /home/ro01/workspace/ros2_ws/build/peripherals/build install --record /home/ro01/workspace/ros2_ws/build/peripherals/install.log --single-version-externally-managed install_data
