[2.543s] Invoking command in '/home/ro01/workspace/ros2_ws/src/driver/controller': DEBUGINFOD_URLS=https://debuginfod.ubuntu.com PYTHONPATH=/home/ro01/workspace/ros2_ws/build/controller/prefix_override:/usr/lib/python3/dist-packages/colcon_core/task/python/colcon_distutils_commands:/home/ro01/workspace/ros2_ws/install/controller/lib/python3.12/site-packages:${PYTHONPATH} /usr/bin/python3 -W ignore:setup.py install is deprecated -W ignore:easy_install command is deprecated setup.py egg_info --egg-base ../../../build/controller build --build-base /home/ro01/workspace/ros2_ws/build/controller/build install --record /home/ro01/workspace/ros2_ws/build/controller/install.log --single-version-externally-managed install_data
[3.024s] running egg_info
[3.054s] writing ../../../build/controller/controller.egg-info/PKG-INFO
[3.054s] writing dependency_links to ../../../build/controller/controller.egg-info/dependency_links.txt
[3.060s] writing entry points to ../../../build/controller/controller.egg-info/entry_points.txt
[3.061s] writing requirements to ../../../build/controller/controller.egg-info/requires.txt
[3.062s] writing top-level names to ../../../build/controller/controller.egg-info/top_level.txt
[3.123s] reading manifest file '../../../build/controller/controller.egg-info/SOURCES.txt'
[3.125s] writing manifest file '../../../build/controller/controller.egg-info/SOURCES.txt'
[3.126s] running build
[3.126s] running build_py
[3.126s] running install
[3.139s] running install_lib
[3.172s] running install_data
[3.172s] running install_egg_info
[3.208s] removing '/home/ro01/workspace/ros2_ws/install/controller/lib/python3.12/site-packages/controller-0.0.0-py3.12.egg-info' (and everything under it)
[3.208s] Copying ../../../build/controller/controller.egg-info to /home/ro01/workspace/ros2_ws/install/controller/lib/python3.12/site-packages/controller-0.0.0-py3.12.egg-info
[3.209s] running install_scripts
[3.468s] Installing init_pose script to /home/ro01/workspace/ros2_ws/install/controller/lib/controller
[3.468s] Installing odom_publisher script to /home/ro01/workspace/ros2_ws/install/controller/lib/controller
[3.476s] writing list of installed files to '/home/ro01/workspace/ros2_ws/build/controller/install.log'
[3.656s] Invoked command in '/home/ro01/workspace/ros2_ws/src/driver/controller' returned '0': DEBUGINFOD_URLS=https://debuginfod.ubuntu.com PYTHONPATH=/home/ro01/workspace/ros2_ws/build/controller/prefix_override:/usr/lib/python3/dist-packages/colcon_core/task/python/colcon_distutils_commands:/home/ro01/workspace/ros2_ws/install/controller/lib/python3.12/site-packages:${PYTHONPATH} /usr/bin/python3 -W ignore:setup.py install is deprecated -W ignore:easy_install command is deprecated setup.py egg_info --egg-base ../../../build/controller build --build-base /home/ro01/workspace/ros2_ws/build/controller/build install --record /home/ro01/workspace/ros2_ws/build/controller/install.log --single-version-externally-managed install_data
