[3.043s] Invoking command in '/home/ro01/workspace/ros2_ws/src/calibration': DEBUGINFOD_URLS=https://debuginfod.ubuntu.com PYTHONPATH=/home/ro01/workspace/ros2_ws/build/calibration/prefix_override:/usr/lib/python3/dist-packages/colcon_core/task/python/colcon_distutils_commands:/home/ro01/workspace/ros2_ws/install/calibration/lib/python3.12/site-packages:${PYTHONPATH} /usr/bin/python3 -W ignore:setup.py install is deprecated -W ignore:easy_install command is deprecated setup.py egg_info --egg-base ../../build/calibration build --build-base /home/ro01/workspace/ros2_ws/build/calibration/build install --record /home/ro01/workspace/ros2_ws/build/calibration/install.log --single-version-externally-managed install_data
[3.483s] running egg_info
[3.514s] writing ../../build/calibration/calibration.egg-info/PKG-INFO
[3.514s] writing dependency_links to ../../build/calibration/calibration.egg-info/dependency_links.txt
[3.515s] writing entry points to ../../build/calibration/calibration.egg-info/entry_points.txt
[3.515s] writing requirements to ../../build/calibration/calibration.egg-info/requires.txt
[3.515s] writing top-level names to ../../build/calibration/calibration.egg-info/top_level.txt
[3.584s] reading manifest file '../../build/calibration/calibration.egg-info/SOURCES.txt'
[3.591s] writing manifest file '../../build/calibration/calibration.egg-info/SOURCES.txt'
[3.594s] running build
[3.595s] running build_py
[3.597s] running install
[3.608s] running install_lib
[3.641s] running install_data
[3.642s] running install_egg_info
[3.676s] removing '/home/ro01/workspace/ros2_ws/install/calibration/lib/python3.12/site-packages/calibration-0.0.0-py3.12.egg-info' (and everything under it)
[3.678s] Copying ../../build/calibration/calibration.egg-info to /home/ro01/workspace/ros2_ws/install/calibration/lib/python3.12/site-packages/calibration-0.0.0-py3.12.egg-info
[3.679s] running install_scripts
[3.969s] Installing calibrate_angular script to /home/ro01/workspace/ros2_ws/install/calibration/lib/calibration
[4.001s] Installing calibrate_linear script to /home/ro01/workspace/ros2_ws/install/calibration/lib/calibration
[4.002s] writing list of installed files to '/home/ro01/workspace/ros2_ws/build/calibration/install.log'
[4.155s] Invoked command in '/home/ro01/workspace/ros2_ws/src/calibration' returned '0': DEBUGINFOD_URLS=https://debuginfod.ubuntu.com PYTHONPATH=/home/ro01/workspace/ros2_ws/build/calibration/prefix_override:/usr/lib/python3/dist-packages/colcon_core/task/python/colcon_distutils_commands:/home/ro01/workspace/ros2_ws/install/calibration/lib/python3.12/site-packages:${PYTHONPATH} /usr/bin/python3 -W ignore:setup.py install is deprecated -W ignore:easy_install command is deprecated setup.py egg_info --egg-base ../../build/calibration build --build-base /home/ro01/workspace/ros2_ws/build/calibration/build install --record /home/ro01/workspace/ros2_ws/build/calibration/install.log --single-version-externally-managed install_data
