[0.018s] Invoking command in '/home/ro01/workspace/ros2_ws/build/imu_calib': CMAKE_PREFIX_PATH=${CMAKE_PREFIX_PATH}:/home/ro01/workspace/ros2_ws/install/sdk:/home/ro01/workspace/ros2_ws/install/ros_robot_controller:/home/ro01/workspace/ros2_ws/install/peripherals:/home/ro01/workspace/ros2_ws/install/mentorpi_description:/home/ro01/workspace/ros2_ws/install/controller:/home/ro01/workspace/ros2_ws/install/calibration:/opt/ros/jazzy DEBUGINFOD_URLS=https://debuginfod.ubuntu.com /usr/bin/cmake --build /home/ro01/workspace/ros2_ws/build/imu_calib -- -j4 -l4
[0.165s] [ 25%] Built target accel_calib
[0.268s] [ 62%] Built target do_calib
[0.296s] [100%] Built target apply_calib
[0.328s] Invoked command in '/home/ro01/workspace/ros2_ws/build/imu_calib' returned '0': CMAKE_PREFIX_PATH=${CMAKE_PREFIX_PATH}:/home/ro01/workspace/ros2_ws/install/sdk:/home/ro01/workspace/ros2_ws/install/ros_robot_controller:/home/ro01/workspace/ros2_ws/install/peripherals:/home/ro01/workspace/ros2_ws/install/mentorpi_description:/home/ro01/workspace/ros2_ws/install/controller:/home/ro01/workspace/ros2_ws/install/calibration:/opt/ros/jazzy DEBUGINFOD_URLS=https://debuginfod.ubuntu.com /usr/bin/cmake --build /home/ro01/workspace/ros2_ws/build/imu_calib -- -j4 -l4
[0.331s] Invoking command in '/home/ro01/workspace/ros2_ws/build/imu_calib': CMAKE_PREFIX_PATH=${CMAKE_PREFIX_PATH}:/home/ro01/workspace/ros2_ws/install/sdk:/home/ro01/workspace/ros2_ws/install/ros_robot_controller:/home/ro01/workspace/ros2_ws/install/peripherals:/home/ro01/workspace/ros2_ws/install/mentorpi_description:/home/ro01/workspace/ros2_ws/install/controller:/home/ro01/workspace/ros2_ws/install/calibration:/opt/ros/jazzy DEBUGINFOD_URLS=https://debuginfod.ubuntu.com /usr/bin/cmake --install /home/ro01/workspace/ros2_ws/build/imu_calib
[0.351s] -- Install configuration: ""
[0.352s] -- Up-to-date: /home/ro01/workspace/ros2_ws/install/imu_calib/lib/imu_calib/do_calib
[0.353s] -- Up-to-date: /home/ro01/workspace/ros2_ws/install/imu_calib/lib/imu_calib/apply_calib
[0.354s] -- Up-to-date: /home/ro01/workspace/ros2_ws/install/imu_calib/include/
[0.354s] -- Up-to-date: /home/ro01/workspace/ros2_ws/install/imu_calib/include//imu_calib
[0.354s] -- Up-to-date: /home/ro01/workspace/ros2_ws/install/imu_calib/include//imu_calib/do_calib.h
[0.355s] -- Up-to-date: /home/ro01/workspace/ros2_ws/install/imu_calib/include//imu_calib/accel_calib.h
[0.355s] -- Up-to-date: /home/ro01/workspace/ros2_ws/install/imu_calib/include//imu_calib/apply_calib.h
[0.355s] -- Up-to-date: /home/ro01/workspace/ros2_ws/install/imu_calib/share/ament_index/resource_index/package_run_dependencies/imu_calib
[0.355s] -- Up-to-date: /home/ro01/workspace/ros2_ws/install/imu_calib/share/ament_index/resource_index/parent_prefix_path/imu_calib
[0.356s] -- Up-to-date: /home/ro01/workspace/ros2_ws/install/imu_calib/share/imu_calib/environment/ament_prefix_path.sh
[0.356s] -- Up-to-date: /home/ro01/workspace/ros2_ws/install/imu_calib/share/imu_calib/environment/ament_prefix_path.dsv
[0.357s] -- Up-to-date: /home/ro01/workspace/ros2_ws/install/imu_calib/share/imu_calib/environment/path.sh
[0.357s] -- Up-to-date: /home/ro01/workspace/ros2_ws/install/imu_calib/share/imu_calib/environment/path.dsv
[0.357s] -- Up-to-date: /home/ro01/workspace/ros2_ws/install/imu_calib/share/imu_calib/local_setup.bash
[0.358s] -- Up-to-date: /home/ro01/workspace/ros2_ws/install/imu_calib/share/imu_calib/local_setup.sh
[0.358s] -- Up-to-date: /home/ro01/workspace/ros2_ws/install/imu_calib/share/imu_calib/local_setup.zsh
[0.358s] -- Up-to-date: /home/ro01/workspace/ros2_ws/install/imu_calib/share/imu_calib/local_setup.dsv
[0.359s] -- Installing: /home/ro01/workspace/ros2_ws/install/imu_calib/share/imu_calib/package.dsv
[0.359s] -- Up-to-date: /home/ro01/workspace/ros2_ws/install/imu_calib/share/ament_index/resource_index/packages/imu_calib
[0.360s] -- Up-to-date: /home/ro01/workspace/ros2_ws/install/imu_calib/share/imu_calib/cmake/ament_cmake_export_dependencies-extras.cmake
[0.360s] -- Up-to-date: /home/ro01/workspace/ros2_ws/install/imu_calib/share/imu_calib/cmake/ament_cmake_export_include_directories-extras.cmake
[0.362s] -- Up-to-date: /home/ro01/workspace/ros2_ws/install/imu_calib/share/imu_calib/cmake/imu_calibConfig.cmake
[0.362s] -- Up-to-date: /home/ro01/workspace/ros2_ws/install/imu_calib/share/imu_calib/cmake/imu_calibConfig-version.cmake
[0.362s] -- Up-to-date: /home/ro01/workspace/ros2_ws/install/imu_calib/share/imu_calib/package.xml
[0.367s] Invoked command in '/home/ro01/workspace/ros2_ws/build/imu_calib' returned '0': CMAKE_PREFIX_PATH=${CMAKE_PREFIX_PATH}:/home/ro01/workspace/ros2_ws/install/sdk:/home/ro01/workspace/ros2_ws/install/ros_robot_controller:/home/ro01/workspace/ros2_ws/install/peripherals:/home/ro01/workspace/ros2_ws/install/mentorpi_description:/home/ro01/workspace/ros2_ws/install/controller:/home/ro01/workspace/ros2_ws/install/calibration:/opt/ros/jazzy DEBUGINFOD_URLS=https://debuginfod.ubuntu.com /usr/bin/cmake --install /home/ro01/workspace/ros2_ws/build/imu_calib
