[2.641s] Invoking command in '/home/ro01/workspace/ros2_ws/src/peripherals': DEBUGINFOD_URLS=https://debuginfod.ubuntu.com PYTHONPATH=/home/ro01/workspace/ros2_ws/build/peripherals/prefix_override:/usr/lib/python3/dist-packages/colcon_core/task/python/colcon_distutils_commands:/home/ro01/workspace/ros2_ws/install/peripherals/lib/python3.12/site-packages:${PYTHONPATH} /usr/bin/python3 -W ignore:setup.py install is deprecated -W ignore:easy_install command is deprecated setup.py egg_info --egg-base ../../build/peripherals build --build-base /home/ro01/workspace/ros2_ws/build/peripherals/build install --record /home/ro01/workspace/ros2_ws/build/peripherals/install.log --single-version-externally-managed install_data
[3.140s] running egg_info
[3.170s] writing ../../build/peripherals/peripherals.egg-info/PKG-INFO
[3.170s] writing dependency_links to ../../build/peripherals/peripherals.egg-info/dependency_links.txt
[3.176s] writing entry points to ../../build/peripherals/peripherals.egg-info/entry_points.txt
[3.177s] writing requirements to ../../build/peripherals/peripherals.egg-info/requires.txt
[3.178s] writing top-level names to ../../build/peripherals/peripherals.egg-info/top_level.txt
[3.247s] reading manifest file '../../build/peripherals/peripherals.egg-info/SOURCES.txt'
[3.248s] writing manifest file '../../build/peripherals/peripherals.egg-info/SOURCES.txt'
[3.248s] running build
[3.248s] running build_py
[3.248s] copying peripherals/joystick_control.py -> /home/ro01/workspace/ros2_ws/build/peripherals/build/lib/peripherals
[3.248s] running install
[3.259s] running install_lib
[3.293s] copying /home/ro01/workspace/ros2_ws/build/peripherals/build/lib/peripherals/joystick_control.py -> /home/ro01/workspace/ros2_ws/install/peripherals/lib/python3.12/site-packages/peripherals
[3.295s] byte-compiling /home/ro01/workspace/ros2_ws/install/peripherals/lib/python3.12/site-packages/peripherals/joystick_control.py to joystick_control.cpython-312.pyc
[3.299s] running install_data
[3.303s] running install_egg_info
[3.335s] removing '/home/ro01/workspace/ros2_ws/install/peripherals/lib/python3.12/site-packages/peripherals-0.0.0-py3.12.egg-info' (and everything under it)
[3.336s] Copying ../../build/peripherals/peripherals.egg-info to /home/ro01/workspace/ros2_ws/install/peripherals/lib/python3.12/site-packages/peripherals-0.0.0-py3.12.egg-info
[3.340s] running install_scripts
[3.614s] Installing joystick_control script to /home/ro01/workspace/ros2_ws/install/peripherals/lib/peripherals
[3.615s] Installing teleop_key_control script to /home/ro01/workspace/ros2_ws/install/peripherals/lib/peripherals
[3.622s] Installing tf_broadcaster_imu script to /home/ro01/workspace/ros2_ws/install/peripherals/lib/peripherals
[3.626s] writing list of installed files to '/home/ro01/workspace/ros2_ws/build/peripherals/install.log'
[3.812s] Invoked command in '/home/ro01/workspace/ros2_ws/src/peripherals' returned '0': DEBUGINFOD_URLS=https://debuginfod.ubuntu.com PYTHONPATH=/home/ro01/workspace/ros2_ws/build/peripherals/prefix_override:/usr/lib/python3/dist-packages/colcon_core/task/python/colcon_distutils_commands:/home/ro01/workspace/ros2_ws/install/peripherals/lib/python3.12/site-packages:${PYTHONPATH} /usr/bin/python3 -W ignore:setup.py install is deprecated -W ignore:easy_install command is deprecated setup.py egg_info --egg-base ../../build/peripherals build --build-base /home/ro01/workspace/ros2_ws/build/peripherals/build install --record /home/ro01/workspace/ros2_ws/build/peripherals/install.log --single-version-externally-managed install_data
