[3.156s] Invoking command in '/home/ro01/workspace/ros2_ws/src/driver/controller': DEBUGINFOD_URLS=https://debuginfod.ubuntu.com PYTHONPATH=/home/ro01/workspace/ros2_ws/build/controller/prefix_override:/usr/lib/python3/dist-packages/colcon_core/task/python/colcon_distutils_commands:/home/ro01/workspace/ros2_ws/install/controller/lib/python3.12/site-packages:${PYTHONPATH} /usr/bin/python3 -W ignore:setup.py install is deprecated -W ignore:easy_install command is deprecated setup.py egg_info --egg-base ../../../build/controller build --build-base /home/ro01/workspace/ros2_ws/build/controller/build install --record /home/ro01/workspace/ros2_ws/build/controller/install.log --single-version-externally-managed install_data
[3.663s] running egg_info
[3.690s] writing ../../../build/controller/controller.egg-info/PKG-INFO
[3.690s] writing dependency_links to ../../../build/controller/controller.egg-info/dependency_links.txt
[3.698s] writing entry points to ../../../build/controller/controller.egg-info/entry_points.txt
[3.699s] writing requirements to ../../../build/controller/controller.egg-info/requires.txt
[3.699s] writing top-level names to ../../../build/controller/controller.egg-info/top_level.txt
[3.791s] reading manifest file '../../../build/controller/controller.egg-info/SOURCES.txt'
[3.793s] writing manifest file '../../../build/controller/controller.egg-info/SOURCES.txt'
[3.794s] running build
[3.795s] running build_py
[3.797s] running install
[3.812s] running install_lib
[3.861s] running install_data
[3.862s] running install_egg_info
[3.905s] removing '/home/ro01/workspace/ros2_ws/install/controller/lib/python3.12/site-packages/controller-0.0.0-py3.12.egg-info' (and everything under it)
[3.907s] Copying ../../../build/controller/controller.egg-info to /home/ro01/workspace/ros2_ws/install/controller/lib/python3.12/site-packages/controller-0.0.0-py3.12.egg-info
[3.908s] running install_scripts
[4.252s] Installing init_pose script to /home/ro01/workspace/ros2_ws/install/controller/lib/controller
[4.252s] Installing odom_publisher script to /home/ro01/workspace/ros2_ws/install/controller/lib/controller
[4.253s] writing list of installed files to '/home/ro01/workspace/ros2_ws/build/controller/install.log'
[4.656s] Invoked command in '/home/ro01/workspace/ros2_ws/src/driver/controller' returned '0': DEBUGINFOD_URLS=https://debuginfod.ubuntu.com PYTHONPATH=/home/ro01/workspace/ros2_ws/build/controller/prefix_override:/usr/lib/python3/dist-packages/colcon_core/task/python/colcon_distutils_commands:/home/ro01/workspace/ros2_ws/install/controller/lib/python3.12/site-packages:${PYTHONPATH} /usr/bin/python3 -W ignore:setup.py install is deprecated -W ignore:easy_install command is deprecated setup.py egg_info --egg-base ../../../build/controller build --build-base /home/ro01/workspace/ros2_ws/build/controller/build install --record /home/ro01/workspace/ros2_ws/build/controller/install.log --single-version-externally-managed install_data
