[2.760s] Invoking command in '/home/ro01/workspace/ros2_ws/src/calibration': DEBUGINFOD_URLS=https://debuginfod.ubuntu.com PYTHONPATH=/home/ro01/workspace/ros2_ws/build/calibration/prefix_override:/usr/lib/python3/dist-packages/colcon_core/task/python/colcon_distutils_commands:/home/ro01/workspace/ros2_ws/install/calibration/lib/python3.12/site-packages:${PYTHONPATH} /usr/bin/python3 -W ignore:setup.py install is deprecated -W ignore:easy_install command is deprecated setup.py egg_info --egg-base ../../build/calibration build --build-base /home/ro01/workspace/ros2_ws/build/calibration/build install --record /home/ro01/workspace/ros2_ws/build/calibration/install.log --single-version-externally-managed install_data
[3.257s] running egg_info
[3.288s] writing ../../build/calibration/calibration.egg-info/PKG-INFO
[3.289s] writing dependency_links to ../../build/calibration/calibration.egg-info/dependency_links.txt
[3.294s] writing entry points to ../../build/calibration/calibration.egg-info/entry_points.txt
[3.294s] writing requirements to ../../build/calibration/calibration.egg-info/requires.txt
[3.296s] writing top-level names to ../../build/calibration/calibration.egg-info/top_level.txt
[3.361s] reading manifest file '../../build/calibration/calibration.egg-info/SOURCES.txt'
[3.361s] writing manifest file '../../build/calibration/calibration.egg-info/SOURCES.txt'
[3.362s] running build
[3.362s] running build_py
[3.362s] running install
[3.375s] running install_lib
[3.414s] running install_data
[3.414s] running install_egg_info
[3.452s] removing '/home/ro01/workspace/ros2_ws/install/calibration/lib/python3.12/site-packages/calibration-0.0.0-py3.12.egg-info' (and everything under it)
[3.452s] Copying ../../build/calibration/calibration.egg-info to /home/ro01/workspace/ros2_ws/install/calibration/lib/python3.12/site-packages/calibration-0.0.0-py3.12.egg-info
[3.454s] running install_scripts
[3.705s] Installing calibrate_angular script to /home/ro01/workspace/ros2_ws/install/calibration/lib/calibration
[3.706s] Installing calibrate_linear script to /home/ro01/workspace/ros2_ws/install/calibration/lib/calibration
[3.743s] writing list of installed files to '/home/ro01/workspace/ros2_ws/build/calibration/install.log'
[3.907s] Invoked command in '/home/ro01/workspace/ros2_ws/src/calibration' returned '0': DEBUGINFOD_URLS=https://debuginfod.ubuntu.com PYTHONPATH=/home/ro01/workspace/ros2_ws/build/calibration/prefix_override:/usr/lib/python3/dist-packages/colcon_core/task/python/colcon_distutils_commands:/home/ro01/workspace/ros2_ws/install/calibration/lib/python3.12/site-packages:${PYTHONPATH} /usr/bin/python3 -W ignore:setup.py install is deprecated -W ignore:easy_install command is deprecated setup.py egg_info --egg-base ../../build/calibration build --build-base /home/ro01/workspace/ros2_ws/build/calibration/build install --record /home/ro01/workspace/ros2_ws/build/calibration/install.log --single-version-externally-managed install_data
