[2.513s] Invoking command in '/home/ro01/workspace/ros2_ws/src/peripherals': DEBUGINFOD_URLS=https://debuginfod.ubuntu.com PYTHONPATH=/home/ro01/workspace/ros2_ws/build/peripherals/prefix_override:/usr/lib/python3/dist-packages/colcon_core/task/python/colcon_distutils_commands:/home/ro01/workspace/ros2_ws/install/peripherals/lib/python3.12/site-packages:${PYTHONPATH} /usr/bin/python3 -W ignore:setup.py install is deprecated -W ignore:easy_install command is deprecated setup.py egg_info --egg-base ../../build/peripherals build --build-base /home/ro01/workspace/ros2_ws/build/peripherals/build install --record /home/ro01/workspace/ros2_ws/build/peripherals/install.log --single-version-externally-managed install_data
[2.979s] running egg_info
[3.009s] writing ../../build/peripherals/peripherals.egg-info/PKG-INFO
[3.010s] writing dependency_links to ../../build/peripherals/peripherals.egg-info/dependency_links.txt
[3.011s] writing entry points to ../../build/peripherals/peripherals.egg-info/entry_points.txt
[3.012s] writing requirements to ../../build/peripherals/peripherals.egg-info/requires.txt
[3.012s] writing top-level names to ../../build/peripherals/peripherals.egg-info/top_level.txt
[3.074s] reading manifest file '../../build/peripherals/peripherals.egg-info/SOURCES.txt'
[3.074s] writing manifest file '../../build/peripherals/peripherals.egg-info/SOURCES.txt'
[3.080s] running build
[3.081s] running build_py
[3.083s] copying peripherals/joystick_control.py -> /home/ro01/workspace/ros2_ws/build/peripherals/build/lib/peripherals
[3.083s] running install
[3.095s] running install_lib
[3.125s] copying /home/ro01/workspace/ros2_ws/build/peripherals/build/lib/peripherals/joystick_control.py -> /home/ro01/workspace/ros2_ws/install/peripherals/lib/python3.12/site-packages/peripherals
[3.126s] byte-compiling /home/ro01/workspace/ros2_ws/install/peripherals/lib/python3.12/site-packages/peripherals/joystick_control.py to joystick_control.cpython-312.pyc
[3.132s] running install_data
[3.132s] running install_egg_info
[3.169s] removing '/home/ro01/workspace/ros2_ws/install/peripherals/lib/python3.12/site-packages/peripherals-0.0.0-py3.12.egg-info' (and everything under it)
[3.171s] Copying ../../build/peripherals/peripherals.egg-info to /home/ro01/workspace/ros2_ws/install/peripherals/lib/python3.12/site-packages/peripherals-0.0.0-py3.12.egg-info
[3.174s] running install_scripts
[3.393s] Installing joystick_control script to /home/ro01/workspace/ros2_ws/install/peripherals/lib/peripherals
[3.394s] Installing teleop_key_control script to /home/ro01/workspace/ros2_ws/install/peripherals/lib/peripherals
[3.394s] Installing tf_broadcaster_imu script to /home/ro01/workspace/ros2_ws/install/peripherals/lib/peripherals
[3.395s] writing list of installed files to '/home/ro01/workspace/ros2_ws/build/peripherals/install.log'
[3.559s] Invoked command in '/home/ro01/workspace/ros2_ws/src/peripherals' returned '0': DEBUGINFOD_URLS=https://debuginfod.ubuntu.com PYTHONPATH=/home/ro01/workspace/ros2_ws/build/peripherals/prefix_override:/usr/lib/python3/dist-packages/colcon_core/task/python/colcon_distutils_commands:/home/ro01/workspace/ros2_ws/install/peripherals/lib/python3.12/site-packages:${PYTHONPATH} /usr/bin/python3 -W ignore:setup.py install is deprecated -W ignore:easy_install command is deprecated setup.py egg_info --egg-base ../../build/peripherals build --build-base /home/ro01/workspace/ros2_ws/build/peripherals/build install --record /home/ro01/workspace/ros2_ws/build/peripherals/install.log --single-version-externally-managed install_data
