[2.439s] Invoking command in '/home/ro01/workspace/ros2_ws/src/driver/ros_robot_controller': DEBUGINFOD_URLS=https://debuginfod.ubuntu.com PYTHONPATH=/home/ro01/workspace/ros2_ws/build/ros_robot_controller/prefix_override:/usr/lib/python3/dist-packages/colcon_core/task/python/colcon_distutils_commands:/home/ro01/workspace/ros2_ws/install/ros_robot_controller/lib/python3.12/site-packages:${PYTHONPATH} /usr/bin/python3 -W ignore:setup.py install is deprecated -W ignore:easy_install command is deprecated setup.py egg_info --egg-base ../../../build/ros_robot_controller build --build-base /home/ro01/workspace/ros2_ws/build/ros_robot_controller/build install --record /home/ro01/workspace/ros2_ws/build/ros_robot_controller/install.log --single-version-externally-managed install_data
[2.854s] running egg_info
[2.882s] writing ../../../build/ros_robot_controller/ros_robot_controller.egg-info/PKG-INFO
[2.882s] writing dependency_links to ../../../build/ros_robot_controller/ros_robot_controller.egg-info/dependency_links.txt
[2.889s] writing entry points to ../../../build/ros_robot_controller/ros_robot_controller.egg-info/entry_points.txt
[2.890s] writing requirements to ../../../build/ros_robot_controller/ros_robot_controller.egg-info/requires.txt
[2.890s] writing top-level names to ../../../build/ros_robot_controller/ros_robot_controller.egg-info/top_level.txt
[2.947s] reading manifest file '../../../build/ros_robot_controller/ros_robot_controller.egg-info/SOURCES.txt'
[2.949s] writing manifest file '../../../build/ros_robot_controller/ros_robot_controller.egg-info/SOURCES.txt'
[2.949s] running build
[2.949s] running build_py
[2.949s] running install
[2.959s] running install_lib
[2.988s] running install_data
[2.988s] running install_egg_info
[3.018s] removing '/home/ro01/workspace/ros2_ws/install/ros_robot_controller/lib/python3.12/site-packages/ros_robot_controller-0.0.0-py3.12.egg-info' (and everything under it)
[3.020s] Copying ../../../build/ros_robot_controller/ros_robot_controller.egg-info to /home/ro01/workspace/ros2_ws/install/ros_robot_controller/lib/python3.12/site-packages/ros_robot_controller-0.0.0-py3.12.egg-info
[3.020s] running install_scripts
[3.225s] Installing ros_robot_controller script to /home/ro01/workspace/ros2_ws/install/ros_robot_controller/lib/ros_robot_controller
[3.273s] writing list of installed files to '/home/ro01/workspace/ros2_ws/build/ros_robot_controller/install.log'
[3.388s] Invoked command in '/home/ro01/workspace/ros2_ws/src/driver/ros_robot_controller' returned '0': DEBUGINFOD_URLS=https://debuginfod.ubuntu.com PYTHONPATH=/home/ro01/workspace/ros2_ws/build/ros_robot_controller/prefix_override:/usr/lib/python3/dist-packages/colcon_core/task/python/colcon_distutils_commands:/home/ro01/workspace/ros2_ws/install/ros_robot_controller/lib/python3.12/site-packages:${PYTHONPATH} /usr/bin/python3 -W ignore:setup.py install is deprecated -W ignore:easy_install command is deprecated setup.py egg_info --egg-base ../../../build/ros_robot_controller build --build-base /home/ro01/workspace/ros2_ws/build/ros_robot_controller/build install --record /home/ro01/workspace/ros2_ws/build/ros_robot_controller/install.log --single-version-externally-managed install_data
