[0.017s] Invoking command in '/home/ro01/workspace/ros2_ws/build/imu_calib': CMAKE_PREFIX_PATH=${CMAKE_PREFIX_PATH}:/home/ro01/workspace/ros2_ws/install/sdk:/home/ro01/workspace/ros2_ws/install/ros_robot_controller:/home/ro01/workspace/ros2_ws/install/peripherals:/home/ro01/workspace/ros2_ws/install/mentorpi_description:/home/ro01/workspace/ros2_ws/install/controller:/home/ro01/workspace/ros2_ws/install/calibration:/opt/ros/jazzy DEBUGINFOD_URLS=https://debuginfod.ubuntu.com /usr/bin/cmake --build /home/ro01/workspace/ros2_ws/build/imu_calib -- -j4 -l4
[0.172s] [ 25%] Built target accel_calib
[0.297s] [ 62%] Built target do_calib
[0.303s] [100%] Built target apply_calib
[0.333s] Invoked command in '/home/ro01/workspace/ros2_ws/build/imu_calib' returned '0': CMAKE_PREFIX_PATH=${CMAKE_PREFIX_PATH}:/home/ro01/workspace/ros2_ws/install/sdk:/home/ro01/workspace/ros2_ws/install/ros_robot_controller:/home/ro01/workspace/ros2_ws/install/peripherals:/home/ro01/workspace/ros2_ws/install/mentorpi_description:/home/ro01/workspace/ros2_ws/install/controller:/home/ro01/workspace/ros2_ws/install/calibration:/opt/ros/jazzy DEBUGINFOD_URLS=https://debuginfod.ubuntu.com /usr/bin/cmake --build /home/ro01/workspace/ros2_ws/build/imu_calib -- -j4 -l4
[0.337s] Invoking command in '/home/ro01/workspace/ros2_ws/build/imu_calib': CMAKE_PREFIX_PATH=${CMAKE_PREFIX_PATH}:/home/ro01/workspace/ros2_ws/install/sdk:/home/ro01/workspace/ros2_ws/install/ros_robot_controller:/home/ro01/workspace/ros2_ws/install/peripherals:/home/ro01/workspace/ros2_ws/install/mentorpi_description:/home/ro01/workspace/ros2_ws/install/controller:/home/ro01/workspace/ros2_ws/install/calibration:/opt/ros/jazzy DEBUGINFOD_URLS=https://debuginfod.ubuntu.com /usr/bin/cmake --install /home/ro01/workspace/ros2_ws/build/imu_calib
[0.363s] -- Install configuration: ""
[0.364s] -- Up-to-date: /home/ro01/workspace/ros2_ws/install/imu_calib/lib/imu_calib/do_calib
[0.365s] -- Up-to-date: /home/ro01/workspace/ros2_ws/install/imu_calib/lib/imu_calib/apply_calib
[0.365s] -- Up-to-date: /home/ro01/workspace/ros2_ws/install/imu_calib/include/
[0.366s] -- Up-to-date: /home/ro01/workspace/ros2_ws/install/imu_calib/include//imu_calib
[0.366s] -- Up-to-date: /home/ro01/workspace/ros2_ws/install/imu_calib/include//imu_calib/do_calib.h
[0.366s] -- Up-to-date: /home/ro01/workspace/ros2_ws/install/imu_calib/include//imu_calib/accel_calib.h
[0.366s] -- Up-to-date: /home/ro01/workspace/ros2_ws/install/imu_calib/include//imu_calib/apply_calib.h
[0.367s] -- Up-to-date: /home/ro01/workspace/ros2_ws/install/imu_calib/share/ament_index/resource_index/package_run_dependencies/imu_calib
[0.367s] -- Up-to-date: /home/ro01/workspace/ros2_ws/install/imu_calib/share/ament_index/resource_index/parent_prefix_path/imu_calib
[0.368s] -- Up-to-date: /home/ro01/workspace/ros2_ws/install/imu_calib/share/imu_calib/environment/ament_prefix_path.sh
[0.368s] -- Up-to-date: /home/ro01/workspace/ros2_ws/install/imu_calib/share/imu_calib/environment/ament_prefix_path.dsv
[0.368s] -- Up-to-date: /home/ro01/workspace/ros2_ws/install/imu_calib/share/imu_calib/environment/path.sh
[0.369s] -- Up-to-date: /home/ro01/workspace/ros2_ws/install/imu_calib/share/imu_calib/environment/path.dsv
[0.369s] -- Up-to-date: /home/ro01/workspace/ros2_ws/install/imu_calib/share/imu_calib/local_setup.bash
[0.370s] -- Up-to-date: /home/ro01/workspace/ros2_ws/install/imu_calib/share/imu_calib/local_setup.sh
[0.370s] -- Up-to-date: /home/ro01/workspace/ros2_ws/install/imu_calib/share/imu_calib/local_setup.zsh
[0.370s] -- Up-to-date: /home/ro01/workspace/ros2_ws/install/imu_calib/share/imu_calib/local_setup.dsv
[0.371s] -- Installing: /home/ro01/workspace/ros2_ws/install/imu_calib/share/imu_calib/package.dsv
[0.371s] -- Up-to-date: /home/ro01/workspace/ros2_ws/install/imu_calib/share/ament_index/resource_index/packages/imu_calib
[0.371s] -- Up-to-date: /home/ro01/workspace/ros2_ws/install/imu_calib/share/imu_calib/cmake/ament_cmake_export_dependencies-extras.cmake
[0.371s] -- Up-to-date: /home/ro01/workspace/ros2_ws/install/imu_calib/share/imu_calib/cmake/ament_cmake_export_include_directories-extras.cmake
[0.373s] -- Up-to-date: /home/ro01/workspace/ros2_ws/install/imu_calib/share/imu_calib/cmake/imu_calibConfig.cmake
[0.373s] -- Up-to-date: /home/ro01/workspace/ros2_ws/install/imu_calib/share/imu_calib/cmake/imu_calibConfig-version.cmake
[0.373s] -- Up-to-date: /home/ro01/workspace/ros2_ws/install/imu_calib/share/imu_calib/package.xml
[0.380s] Invoked command in '/home/ro01/workspace/ros2_ws/build/imu_calib' returned '0': CMAKE_PREFIX_PATH=${CMAKE_PREFIX_PATH}:/home/ro01/workspace/ros2_ws/install/sdk:/home/ro01/workspace/ros2_ws/install/ros_robot_controller:/home/ro01/workspace/ros2_ws/install/peripherals:/home/ro01/workspace/ros2_ws/install/mentorpi_description:/home/ro01/workspace/ros2_ws/install/controller:/home/ro01/workspace/ros2_ws/install/calibration:/opt/ros/jazzy DEBUGINFOD_URLS=https://debuginfod.ubuntu.com /usr/bin/cmake --install /home/ro01/workspace/ros2_ws/build/imu_calib
