[3.045s] Invoking command in '/home/ro01/workspace/ros2_ws/src/peripherals': DEBUGINFOD_URLS=https://debuginfod.ubuntu.com PYTHONPATH=/home/ro01/workspace/ros2_ws/build/peripherals/prefix_override:/usr/lib/python3/dist-packages/colcon_core/task/python/colcon_distutils_commands:/home/ro01/workspace/ros2_ws/install/peripherals/lib/python3.12/site-packages:${PYTHONPATH} /usr/bin/python3 -W ignore:setup.py install is deprecated -W ignore:easy_install command is deprecated setup.py egg_info --egg-base ../../build/peripherals build --build-base /home/ro01/workspace/ros2_ws/build/peripherals/build install --record /home/ro01/workspace/ros2_ws/build/peripherals/install.log --single-version-externally-managed install_data
[3.487s] running egg_info
[3.519s] writing ../../build/peripherals/peripherals.egg-info/PKG-INFO
[3.519s] writing dependency_links to ../../build/peripherals/peripherals.egg-info/dependency_links.txt
[3.527s] writing entry points to ../../build/peripherals/peripherals.egg-info/entry_points.txt
[3.528s] writing requirements to ../../build/peripherals/peripherals.egg-info/requires.txt
[3.528s] writing top-level names to ../../build/peripherals/peripherals.egg-info/top_level.txt
[3.597s] reading manifest file '../../build/peripherals/peripherals.egg-info/SOURCES.txt'
[3.601s] writing manifest file '../../build/peripherals/peripherals.egg-info/SOURCES.txt'
[3.602s] running build
[3.602s] running build_py
[3.602s] running install
[3.614s] running install_lib
[3.646s] running install_data
[3.647s] running install_egg_info
[3.678s] removing '/home/ro01/workspace/ros2_ws/install/peripherals/lib/python3.12/site-packages/peripherals-0.0.0-py3.12.egg-info' (and everything under it)
[3.679s] Copying ../../build/peripherals/peripherals.egg-info to /home/ro01/workspace/ros2_ws/install/peripherals/lib/python3.12/site-packages/peripherals-0.0.0-py3.12.egg-info
[3.687s] running install_scripts
[3.978s] Installing joystick_control script to /home/ro01/workspace/ros2_ws/install/peripherals/lib/peripherals
[4.011s] Installing teleop_key_control script to /home/ro01/workspace/ros2_ws/install/peripherals/lib/peripherals
[4.011s] Installing tf_broadcaster_imu script to /home/ro01/workspace/ros2_ws/install/peripherals/lib/peripherals
[4.012s] writing list of installed files to '/home/ro01/workspace/ros2_ws/build/peripherals/install.log'
[4.156s] Invoked command in '/home/ro01/workspace/ros2_ws/src/peripherals' returned '0': DEBUGINFOD_URLS=https://debuginfod.ubuntu.com PYTHONPATH=/home/ro01/workspace/ros2_ws/build/peripherals/prefix_override:/usr/lib/python3/dist-packages/colcon_core/task/python/colcon_distutils_commands:/home/ro01/workspace/ros2_ws/install/peripherals/lib/python3.12/site-packages:${PYTHONPATH} /usr/bin/python3 -W ignore:setup.py install is deprecated -W ignore:easy_install command is deprecated setup.py egg_info --egg-base ../../build/peripherals build --build-base /home/ro01/workspace/ros2_ws/build/peripherals/build install --record /home/ro01/workspace/ros2_ws/build/peripherals/install.log --single-version-externally-managed install_data
